Change Component Comment : Designator=C7 Old Comment=02013A1R5CAT2A New Comment=1.5pF
Change Component Comment : Designator=FB2 Old Comment=BLM03EB500SH1D New Comment=
Change Component Comment : Designator=C16 Old Comment=CC0402MRX5R7BB475 New Comment=4.7uF
Change Component Comment : Designator=C1 Old Comment=CL03A104KQ3NNNC New Comment=0.1uF
Change Component Comment : Designator=C2 Old Comment=CL03A104KQ3NNNC New Comment=0.1uF
Change Component Comment : Designator=C3 Old Comment=CL03A104KQ3NNNC New Comment=0.1uF
Change Component Comment : Designator=C5 Old Comment=CL03A104KQ3NNNC New Comment=0.1uF
Change Component Comment : Designator=C14 Old Comment=CL03A105MO3NRNH New Comment=1uF
Change Component Comment : Designator=C6 Old Comment=CL03A225MP3CRNC New Comment=2.2uF
Change Component Comment : Designator=C10 Old Comment=CL03A225MP3CRNC New Comment=2.2uF
Change Component Comment : Designator=C4 Old Comment=CL05A106MP8NUB8 New Comment=10uF
Change Component Comment : Designator=C17 Old Comment=CL05A106MP8NUB8 New Comment=10uF
Change Component Comment : Designator=R1 Old Comment=CRCW02011K00FNED New Comment=1K
Change Component Comment : Designator=R5 Old Comment=CRCW02011K00FNED New Comment=1K
Change Component Comment : Designator=R6 Old Comment=CRCW02011K00FNED New Comment=1K
Change Component Comment : Designator=R8 Old Comment=CRCW02011K00FNED New Comment=1K
Change Component Comment : Designator=R12 Old Comment=ERJ1GNF1500C New Comment=150
Change Component Comment : Designator=R10 Old Comment=ERJ-1GNF2000C New Comment=100
Change Component Comment : Designator=R9 Old Comment=ERJ-1GNF2000C New Comment=200
Change Component Comment : Designator=R11 Old Comment=ERJ-1GNF2000C New Comment=200
Change Component Comment : Designator=R7 Old Comment=ERJ-2RKF2673X New Comment=267K
Change Component Comment : Designator=C9 Old Comment=GJM0335C1ER30WB01D New Comment=0.3pF
Change Component Comment : Designator=C19 Old Comment=GRM033C71C104KE14D New Comment=0.1uF
Change Component Comment : Designator=C21 Old Comment=GRM033C71C104KE14D New Comment=0.1uF
Change Component Comment : Designator=C22 Old Comment=GRM033C71C104KE14D New Comment=0.1uF
Change Component Comment : Designator=C13 Old Comment=GRM033C71C104KE14D New Comment=0.10uF
Change Component Comment : Designator=C15 Old Comment=GRM033C71C104KE14D New Comment=0.10uF
Change Component Comment : Designator=C20 Old Comment=GRM033C71C104KE14D New Comment=0.10uF
Change Component Comment : Designator=C18 Old Comment=GRM033R61A105ME15D New Comment=1uF
Change Component Comment : Designator=C11 Old Comment=GRM033R71A103KA01D New Comment=10nF
Change Component Comment : Designator=C12 Old Comment=GRM033R71A103KA01D New Comment=10nF
Change Component Comment : Designator=C8 Old Comment=GRM0335C1E2R0CA01D New Comment=2.0pF
Change Component Comment : Designator=L2 Old Comment=LQP03HQ2N7B02D New Comment=2.7nH
Change Component Comment : Designator=L3 Old Comment=LQP03TN3N5B02D New Comment=3.5nH
Change Component Comment : Designator=L4 Old Comment=LQP03TN3N5B02D New Comment=3.5nH
Change Component Comment : Designator=R3 Old Comment=MCRE000157 New Comment=5.1K
Change Component Comment : Designator=R4 Old Comment=MCRE000157 New Comment=5.1K
Change Component Comment : Designator=L5 Old Comment=MLZ1005M2R2WT000 New Comment=2.2uH
Change Component Comment : Designator=L1 Old Comment=MLZ1608M4R7WT000 New Comment=4.7uH
Change Component Comment : Designator=R2 Old Comment=RC0402JR-070RL New Comment=0
Change Component Description : Designator=FB2 Old Description=Ferrite Bead, 0201, 50O @ 100MHz, 25%, 0.58O, 400mA New Description=BLM03EB500SH1D, Ferrite Bead, 0201, 50O @ 100MHz, 25%, 0.58O, 400mA
