Removed Pin From Net: NetName=P1.03 Pin=P3-2
Removed Pin From Net: NetName=P1.02 Pin=P3-3
Removed Pin From Net: NetName=P1.14 Pin=P3-4
Removed Pin From Net: NetName=P1.13 Pin=P3-5
Removed Pin From Net: NetName=P1.12 Pin=P3-6
Removed Pin From Net: NetName=P1.11 Pin=P3-7
Removed Pin From Net: NetName=P1.10 Pin=P3-8
Removed Pin From Net: NetName=P1.09 Pin=P3-9
Removed Pin From Net: NetName=GND Pin=P3-10
Added Pin To Net: NetName=GND Pin=P3-2
Added Pin To Net: NetName=P1.03 Pin=P3-3
Added Pin To Net: NetName=P1.02 Pin=P3-4
Added Pin To Net: NetName=P1.14 Pin=P3-5
Added Pin To Net: NetName=P1.13 Pin=P3-6
Added Pin To Net: NetName=P1.12 Pin=P3-7
Added Pin To Net: NetName=P1.11 Pin=P3-8
Added Pin To Net: NetName=P1.10 Pin=P3-9
Added Pin To Net: NetName=P1.09 Pin=P3-10
Change Class Name : Old Net Name=Connector New Net Name=U_Connector
Change Class Name : Old Net Name=IMU New Net Name=U_IMU
Change Class Name : Old Net Name=MCU New Net Name=U_MCU
Change Class Name : Old Net Name=Power New Net Name=U_Power
Change Class Name : Old Net Name=USB_UART_Bridge New Net Name=U_USB_UART_Bridge
