Update Managed Component AE1 From CMP-03913-126098687-1[74889302450] To CMP-03913-126098687-1[74889302450] in MCU.SchDoc
Update Managed Component C1 From CMP-2010-00674-1[100n] To CMP-2010-00674-1[CL03A104KQ3NNNC] in MCU.SchDoc
Update Managed Component C2 From CMP-2010-00674-1[100n] To CMP-2010-00674-1[CL03A104KQ3NNNC] in MCU.SchDoc
Update Managed Component C3 From CMP-2010-00674-1[100n] To CMP-2010-00674-1[CL03A104KQ3NNNC] in MCU.SchDoc
Update Managed Component C4 From CMP-13271-002778-1[10u] To CMP-13271-002778-1[CL05A106MP8NUB8] in MCU.SchDoc
Update Managed Component C5 From CMP-2010-00674-1[100n] To CMP-2010-00674-1[CL03A104KQ3NNNC] in MCU.SchDoc
Update Managed Component C6 From CMP-13271-002263-1[2u2] To CMP-13271-002263-1[CL03A225MP3CRNC] in MCU.SchDoc
Update Managed Component C7 From CMP-1033-00061-2[1p5] To CMP-1033-00061-2[02013A1R5CAT2A] in MCU.SchDoc
Update Managed Component C8 From CMP-2010-01348-2[2p] To CMP-2010-01348-2[GRM0335C1E2R0CA01D] in MCU.SchDoc
Update Managed Component C9 From CMP-2010-00788-2[0p3] To CMP-2010-00788-2[GJM0335C1ER30WB01D] in MCU.SchDoc
Update Managed Component C10 From CMP-13271-002263-1[2u2] To CMP-13271-002263-1[CL03A225MP3CRNC] in MCU.SchDoc
Update Managed Component C11 From CMP-2010-01684-2[10n] To CMP-2010-01684-2[GRM033R71A103KA01D] in MCU.SchDoc
Update Managed Component C12 From CMP-2010-01684-2[10n] To CMP-2010-01684-2[GRM033R71A103KA01D] in MCU.SchDoc
Update Managed Component D1 From CMP-1431-00001-2[150141M173100] To CMP-1431-00001-2[150141M173100] in MCU.SchDoc
Update Managed Component FB1 From CMP-0686-00046-3[] To CMP-0686-00046-3[BLM03AG121SN1D] in MCU.SchDoc
Update Managed Component L1 From CMP-08253-000311-1[4u7] To CMP-08253-000311-1[MLZ1608M4R7WT000] in MCU.SchDoc
Update Managed Component L2 From CMP-06042-004733-1[2u7] To CMP-06042-004733-1[LQP03HQ2N7B02D] in MCU.SchDoc
Update Managed Component L3 From CMP-06042-011870-1[3n5] To CMP-06042-011870-1[LQP03TN3N5B02D] in MCU.SchDoc
Update Managed Component L4 From CMP-06042-011870-1[3n5] To CMP-06042-011870-1[LQP03TN3N5B02D] in MCU.SchDoc
Update Managed Component R1 From CMP-2004-00209-1[1K] To CMP-2004-00209-1[CRCW02011K00FNED] in MCU.SchDoc
Update Managed Component R9 From CMP-2004-03479-2[200] To CMP-2004-03479-2[ERJ-1GNF2000C] in MCU.SchDoc
Update Managed Component R10 From CMP-2004-03479-2[200] To CMP-2004-03479-2[ERJ-1GNF2000C] in MCU.SchDoc
Update Managed Component R11 From CMP-2004-03479-2[200] To CMP-2004-03479-2[ERJ-1GNF2000C] in MCU.SchDoc
Update Managed Component SW1 From CMP-03913-134708202-2[435431019840] To CMP-03913-134708202-2[435431019840] in MCU.SchDoc
Replace Part U1 nRF54L15_QFN8_6X6 in C:\Users\sve2rt\Documents\Altium\nRF54L15_sense\MCU.SchDoc with nRF54L15_QFN8_6X6 from MyCustomLib.SchLib
Replace Part U1 nRF54L15_QFN8_6X6 in C:\Users\sve2rt\Documents\Altium\nRF54L15_sense\MCU.SchDoc with nRF54L15_QFN8_6X6 from MyCustomLib.SchLib
Replace Part U1 nRF54L15_QFN8_6X6 in C:\Users\sve2rt\Documents\Altium\nRF54L15_sense\MCU.SchDoc with nRF54L15_QFN8_6X6 from MyCustomLib.SchLib
Replace Part U1 nRF54L15_QFN8_6X6 in C:\Users\sve2rt\Documents\Altium\nRF54L15_sense\MCU.SchDoc with nRF54L15_QFN8_6X6 from MyCustomLib.SchLib
Update Managed Component Y1 From CMP-27762-013665-1[32MHz] To CMP-27762-013665-1[ABM7-32.000MHZ-D2Y-T] in MCU.SchDoc
