Removed Member From Class: ClassName=IMU Member=P1
Removed Member From Class: ClassName=MCU Member=P1
Change Component Footprint: Designator=C18 Old Footprint=FP-CL03-IPC_C New Footprint=FP-GRM033-0_09-IPC_A
Change Component Comment : Designator=C18 Old Comment=CL03A105MO3NRNH New Comment=GRM033R61A105ME15D
Change Component Designator: OldDesignator= NewDesignator=C4
Change Component Designator: OldDesignator= NewDesignator=C5
Change Component Designator: OldDesignator= NewDesignator=FB1
Change Component Designator: OldDesignator= NewDesignator=L1
Change Managed Component Library Link : Designator=C18 Old VaultGUID=B7D15EC3-160A-466F-A46C-7801FE6295A7 New VaultGUID=B7D15EC3-160A-466F-A46C-7801FE6295A7 Old ItemGUID=D4B2E4C3-7807-42B6-8356-3C7A4415544E New ItemGUID=86F4A24B-A237-4CFC-B07B-087AEBC4B169 Old RevisionGUID=4288ADE1-5D15-4C62-AE4F-F3048522CE83 New RevisionGUID=782E5ACD-D9BF-4399-9649-6F33ACB931A1
Change component parameters: Designator = "C18" ("C18"); Footprint = "FP-CL03-IPC_C"; UniqueID = "\FWKSSGKU" ("\FWKSSGKU")
Change component parameters (AddParameter): Name = "Capacitance"; Value = "1uF"; VariantName = "[No Variations]"
Change component parameters (AddParameter): Name = "Case Code (Imperial)"; Value = "0201"; VariantName = "[No Variations]"
Change component parameters (AddParameter): Name = "Case Code (Metric)"; Value = "0603"; VariantName = "[No Variations]"
Change component parameters (AddParameter): Name = "Case/Package"; Value = "0201"; VariantName = "[No Variations]"
Change component parameters (AddParameter): Name = "Dielectric"; Value = "X5R"; VariantName = "[No Variations]"
Change component parameters (AddParameter): Name = "Length"; Value = "0.024inch"; VariantName = "[No Variations]"
Change component parameters (AddParameter): Name = "Max Operating Temperature"; Value = "85°C"; VariantName = "[No Variations]"
Change component parameters (AddParameter): Name = "Min Operating Temperature"; Value = "-55°C"; VariantName = "[No Variations]"
Change component parameters (AddParameter): Name = "Mount"; Value = "Surface Mount"; VariantName = "[No Variations]"
Change component parameters (AddParameter): Name = "Packaging"; Value = "Tape and Reel"; VariantName = "[No Variations]"
Change component parameters (AddParameter): Name = "Thickness"; Value = "0.015inch"; VariantName = "[No Variations]"
Change component parameters (AddParameter): Name = "Tolerance"; Value = "20%"; VariantName = "[No Variations]"
Change component parameters (AddParameter): Name = "Voltage Rating"; Value = "10V"; VariantName = "[No Variations]"
Change component parameters (AddParameter): Name = "Voltage Rating (DC)"; Value = "10V"; VariantName = "[No Variations]"
Change component parameters (AddParameter): Name = "Width"; Value = "0.012inch"; VariantName = "[No Variations]"
Added Member To Class: ClassName=MCU Member=Component C4 CL05A106MP8NUB8
Added Member To Class: ClassName=MCU Member=Component C5 CL03A104KQ3NNNC
Added Member To Class: ClassName=IMU Member=Component C21 GRM033C71C104KE14D
Added Member To Class: ClassName=IMU Member=Component C22 GRM033C71C104KE14D
Added Member To Class: ClassName=MCU Member=Component FB1 BLM03AG121SN1D
Added Member To Class: ClassName=MCU Member=Component L1 MLZ1608M4R7WT000
