Removed Pin From Net: NetName=P0.00 Pin=P2-1
Removed Pin From Net: NetName=P0.01 Pin=P2-2
Removed Pin From Net: NetName=P1.11 Pin=P2-7
Removed Pin From Net: NetName=P1.12 Pin=P2-8
Removed Pin From Net: NetName=P1.02 Pin=P3-4
Removed Pin From Net: NetName=P1.03 Pin=P3-5
Removed Pin From Net: NetName=P2.08 Pin=R9-2
Removed Pin From Net: NetName=P2.09 Pin=R10-2
Removed Pin From Net: NetName=P2.10 Pin=R11-2
Removed Pin From Net: NetName=SDI Pin=U1-11
Removed Pin From Net: NetName=INT2 Pin=U1-12
Removed Pin From Net: NetName=INT1 Pin=U1-13
Removed Pin From Net: NetName=SDO Pin=U1-14
Removed Pin From Net: NetName=CSB Pin=U1-15
Removed Pin From Net: NetName=SCK Pin=U1-16
Removed Pin From Net: NetName=UART_TX Pin=U1-37
Removed Pin From Net: NetName=UART_RX Pin=U1-38
Added Pin To Net: NetName=P0.01 Pin=P2-1
Added Pin To Net: NetName=P0.00 Pin=P2-2
Added Pin To Net: NetName=P2.10 Pin=P2-3
Added Pin To Net: NetName=P2.09 Pin=P2-4
Added Pin To Net: NetName=P2.08 Pin=P2-5
Added Pin To Net: NetName=P1.03 Pin=P3-2
Added Pin To Net: NetName=P1.02 Pin=P3-3
Added Pin To Net: NetName=P1.11 Pin=P3-6
Added Pin To Net: NetName=P1.12 Pin=P3-7
Added Pin To Net: NetName=UART_TX Pin=U1-1
Added Pin To Net: NetName=UART_RX Pin=U1-2
Added Pin To Net: NetName=SDI Pin=U1-5
Added Pin To Net: NetName=SCK Pin=U1-6
Added Pin To Net: NetName=SDO Pin=U1-7
Added Pin To Net: NetName=CSB Pin=U1-8
Added Pin To Net: NetName=INT1 Pin=U1-9
Added Pin To Net: NetName=INT2 Pin=U1-11
Added Pin To Net: NetName=P1.09 Pin=P3-4
Added Pin To Net: NetName=P1.09 Pin=U1-37
Added Net: Name=P1.09
Added Pin To Net: NetName=P1.10 Pin=P3-5
Added Pin To Net: NetName=P1.10 Pin=U1-38
Added Net: Name=P1.10
Added Pin To Net: NetName=P1.13 Pin=P3-8
Added Pin To Net: NetName=P1.13 Pin=U1-41
Added Net: Name=P1.13
Added Pin To Net: NetName=P1.14 Pin=P3-9
Added Pin To Net: NetName=P1.14 Pin=U1-42
Added Net: Name=P1.14
Added Pin To Net: NetName=P2.01 Pin=R9-2
Added Pin To Net: NetName=P2.01 Pin=U1-12
Added Net: Name=P2.01
Added Pin To Net: NetName=P2.02 Pin=R10-2
Added Pin To Net: NetName=P2.02 Pin=U1-13
Added Net: Name=P2.02
Added Pin To Net: NetName=P2.03 Pin=R11-2
Added Pin To Net: NetName=P2.03 Pin=U1-14
Added Net: Name=P2.03
Added Pin To Net: NetName=P2.04 Pin=P2-8
Added Pin To Net: NetName=P2.04 Pin=U1-15
Added Net: Name=P2.04
Added Pin To Net: NetName=P2.05 Pin=P2-7
Added Pin To Net: NetName=P2.05 Pin=U1-16
Added Net: Name=P2.05
Added Pin To Net: NetName=P2.06 Pin=P2-6
Added Pin To Net: NetName=P2.06 Pin=U1-17
Added Net: Name=P2.06
Added Member To Class: ClassName=Connector Member=Component P2 1X10 2.54 male headers
