Removed Pin From Net: NetName=GND Pin=J1-A1
Removed Pin From Net: NetName=GND Pin=J1-A12
Removed Pin From Net: NetName=GND Pin=J1-B1
Removed Pin From Net: NetName=NetC13_1 Pin=J1-B4
Removed Pin From Net: NetName=GND Pin=J1-B12
Change Component Footprint: Designator=J1 Old Footprint=FP-1054500101-MFG New Footprint=FP-USB4105-GF-A-MFG
Change Component Comment : Designator=J1 Old Comment=1054500101 New Comment=USB4105-GF-A
Change Managed Component Library Link : Designator=J1 Old VaultGUID=B7D15EC3-160A-466F-A46C-7801FE6295A7 New VaultGUID=B7D15EC3-160A-466F-A46C-7801FE6295A7 Old ItemGUID=B8C23617-1114-4636-A234-0F01FB2A190F New ItemGUID=F60CDF86-21CA-4793-A092-9992BAC8901F Old RevisionGUID=AB081C05-0EAE-48C0-8184-8448205FE6D5 New RevisionGUID=59B946EB-5E67-47D1-A7D1-1C27DC869BE3
Change component parameters: Designator = "J1" ("J1"); Footprint = "FP-1054500101-MFG"; UniqueID = "\SXHHILAS" ("\SXHHILAS")
Change component parameters (AddParameter): Name = "Automotive"; Value = "No"; VariantName = "[No Variations]"
Change component parameters (AddParameter): Name = "Category"; Value = "Conn"; VariantName = "[No Variations]"
Change component parameters (AddParameter): Name = "ComponentLink2Description"; Value = "Datasheet"; VariantName = "[No Variations]"
Change component parameters (AddParameter): Name = "ComponentLink2URL"; Value = "https://gct.co/files/drawings/usb4105.pdf"; VariantName = "[No Variations]"
Change component parameters (AddParameter): Name = "Conn Orientation"; Value = "Right Angle"; VariantName = "[No Variations]"
Change component parameters (AddParameter): Name = "Contact Material"; Value = "Gold,Nickel"; VariantName = "[No Variations]"
Change component parameters (AddParameter): Name = "Current Rating"; Value = "5/6.25/1.25/0.25A"; VariantName = "[No Variations]"
Change component parameters (AddParameter): Name = "Device Class L1"; Value = "Connectors"; VariantName = "[No Variations]"
Change component parameters (AddParameter): Name = "Device Class L2"; Value = "USB Connectors"; VariantName = "[No Variations]"
Change component parameters (AddParameter): Name = "Device Class L3"; Value = "unset"; VariantName = "[No Variations]"
Change component parameters (AddParameter): Name = "Digikey Description"; Value = "CONN RCPT USB2.0 TYPEC 5A"; VariantName = "[No Variations]"
Change component parameters (AddParameter): Name = "Height"; Value = "3.46mm"; VariantName = "[No Variations]"
Change component parameters (AddParameter): Name = "Is Female"; Value = "yes"; VariantName = "[No Variations]"
Change component parameters (AddParameter): Name = "Lead Free"; Value = "Yes"; VariantName = "[No Variations]"
Change component parameters (AddParameter): Name = "Manufacturer"; Value = "GCT"; VariantName = "[No Variations]"
Change component parameters (AddParameter): Name = "Manufacturer Part Number"; Value = "USB4105-GF-A"; VariantName = "[No Variations]"
Change component parameters (AddParameter): Name = "Number Of Contacts"; Value = "16"; VariantName = "[No Variations]"
Change component parameters (AddParameter): Name = "Octopart"; Value = "https://octopart.com/usb4105-gf-a-gct-106627878"; VariantName = "[No Variations]"
Change component parameters (AddParameter): Name = "Package"; Value = "0"; VariantName = "[No Variations]"
Change component parameters (AddParameter): Name = "RoHS"; Value = "TRUE"; VariantName = "[No Variations]"
Change component parameters (AddParameter): Name = "Temperature"; Value = "-40°C to +85°C"; VariantName = "[No Variations]"
Change component parameters (AddParameter): Name = "Temperature Range High"; Value = "+85°C"; VariantName = "[No Variations]"
Change component parameters (AddParameter): Name = "Temperature Range Low"; Value = "-40°C"; VariantName = "[No Variations]"
Change component parameters (AddParameter): Name = "Usb Standard"; Value = "USB 2.0"; VariantName = "[No Variations]"
Change component parameters (AddParameter): Name = "Voltage Rating"; Value = "20V"; VariantName = "[No Variations]"
Added Pin To Net: NetName=GND Pin=J1-A1-B12
Added Pin To Net: NetName=NetC13_1 Pin=J1-A4-B9
Added Pin To Net: NetName=GND Pin=J1-B1-A12
Added Pin To Net: NetName=NetC13_1 Pin=J1-B4-A9
Change Net Name : Old Net Name=NetC13_1 New Net Name=VBUS
Change Net Name : Old Net Name=NetJ1_A5 New Net Name=CC1
Change Net Name : Old Net Name=NetJ1_B5 New Net Name=CC2
Added Rule: Name=Schematic Supply Nets_3
